<?xml version="1.0" encoding="UTF-8"?>
<testsuite xmlns:xsi="http://www.w3.org/2001/XMLSchema-instance" xsi:noNamespaceSchemaLocation="https://maven.apache.org/surefire/maven-surefire-plugin/xsd/surefire-test-report-3.0.xsd" version="3.0" name="com.company.library.config.LibraryConfigTest" time="1.038" tests="3" errors="1" skipped="0" failures="2">
  <properties>
[...]
</properties>
  <testcase name="shouldLoadValidConfig" classname="com.company.library.config.LibraryConfigTest" time="0.412">
    <error type="java.lang.ExceptionInInitializerError"><![CDATA[java.lang.ExceptionInInitializerError
	at com.company.library.config.LibraryConfigTest.shouldLoadValidConfig(LibraryConfigTest.java:17)
	at java.base/java.lang.reflect.Method.invoke(Method.java:580)
	at java.base/java.util.ArrayList.forEach(ArrayList.java:1596)
	at java.base/java.util.ArrayList.forEach(ArrayList.java:1596)
Caused by: com.company.library.exception.ConfigurationException: Missing mandatory property 'library.name' in application.properties
	at com.company.library.config.LibraryConfig.getRequiredProperty(LibraryConfig.java:59)
	at com.company.library.config.LibraryConfig.<init>(LibraryConfig.java:22)
	at com.company.library.config.LibraryConfig.<clinit>(LibraryConfig.java:11)
	... 4 more
]]></error>
  </testcase>
  <testcase name="shouldThrowWhenKeyIsMissing" classname="com.company.library.config.LibraryConfigTest" time="0.222">
    <failure message="&#10;Expecting actual throwable to be an instance of:&#10;  com.company.library.exception.ConfigurationException&#10;but was:&#10;  java.lang.NoClassDefFoundError: Could not initialize class com.company.library.config.LibraryConfig&#10;	at com.company.library.config.LibraryConfigTest.lambda$shouldThrowWhenKeyIsMissing$1(LibraryConfigTest.java:38)&#10;	at org.assertj.core.api.ThrowableAssert.catchThrowable(ThrowableAssert.java:63)&#10;	at org.assertj.core.api.AssertionsForClassTypes.catchThrowable(AssertionsForClassTypes.java:892)&#10;	...(72 remaining lines not displayed - this can be changed with Assertions.setMaxStackTraceElementsDisplayed)" type="java.lang.AssertionError"><![CDATA[java.lang.AssertionError: 

Expecting actual throwable to be an instance of:
  com.company.library.exception.ConfigurationException
but was:
  java.lang.NoClassDefFoundError: Could not initialize class com.company.library.config.LibraryConfig
	at com.company.library.config.LibraryConfigTest.lambda$shouldThrowWhenKeyIsMissing$1(LibraryConfigTest.java:38)
	at org.assertj.core.api.ThrowableAssert.catchThrowable(ThrowableAssert.java:63)
	at org.assertj.core.api.AssertionsForClassTypes.catchThrowable(AssertionsForClassTypes.java:892)
	...(72 remaining lines not displayed - this can be changed with Assertions.setMaxStackTraceElementsDisplayed)
	at com.company.library.config.LibraryConfigTest.shouldThrowWhenKeyIsMissing(LibraryConfigTest.java:39)
	at java.base/java.lang.reflect.Method.invoke(Method.java:580)
	at java.base/java.util.ArrayList.forEach(ArrayList.java:1596)
	at java.base/java.util.ArrayList.forEach(ArrayList.java:1596)
]]></failure>
  </testcase>
  <testcase name="shouldThrowWhenFileNotFound" classname="com.company.library.config.LibraryConfigTest" time="0.094">
    <failure message="&#10;Expecting actual throwable to be an instance of:&#10;  com.company.library.exception.ConfigurationException&#10;but was:&#10;  java.lang.NoClassDefFoundError: Could not initialize class com.company.library.config.LibraryConfig&#10;	at com.company.library.config.LibraryConfigTest.lambda$shouldThrowWhenFileNotFound$0(LibraryConfigTest.java:27)&#10;	at org.assertj.core.api.ThrowableAssert.catchThrowable(ThrowableAssert.java:63)&#10;	at org.assertj.core.api.AssertionsForClassTypes.catchThrowable(AssertionsForClassTypes.java:892)&#10;	...(72 remaining lines not displayed - this can be changed with Assertions.setMaxStackTraceElementsDisplayed)" type="java.lang.AssertionError"><![CDATA[java.lang.AssertionError: 

Expecting actual throwable to be an instance of:
  com.company.library.exception.ConfigurationException
but was:
  java.lang.NoClassDefFoundError: Could not initialize class com.company.library.config.LibraryConfig
	at com.company.library.config.LibraryConfigTest.lambda$shouldThrowWhenFileNotFound$0(LibraryConfigTest.java:27)
	at org.assertj.core.api.ThrowableAssert.catchThrowable(ThrowableAssert.java:63)
	at org.assertj.core.api.AssertionsForClassTypes.catchThrowable(AssertionsForClassTypes.java:892)
	...(72 remaining lines not displayed - this can be changed with Assertions.setMaxStackTraceElementsDisplayed)
	at com.company.library.config.LibraryConfigTest.shouldThrowWhenFileNotFound(LibraryConfigTest.java:28)
	at java.base/java.lang.reflect.Method.invoke(Method.java:580)
	at java.base/java.util.ArrayList.forEach(ArrayList.java:1596)
	at java.base/java.util.ArrayList.forEach(ArrayList.java:1596)
]]></failure>
  </testcase>
</testsuite>